#
# There is insufficient memory for the Java Runtime Environment to continue.
# Native memory allocation (mmap) failed to map 260046848 bytes. Error detail: G1 virtual space
# Possible reasons:
#   The system is out of physical RAM or swap space
#   This process is running with CompressedOops enabled, and the Java Heap may be blocking the growth of the native heap
# Possible solutions:
#   Reduce memory load on the system
#   Increase physical memory or swap space
#   Check if swap backing store is full
#   Decrease Java heap size (-Xmx/-Xms)
#   Decrease number of Java threads
#   Decrease Java thread stack sizes (-Xss)
#   Set larger code cache with -XX:ReservedCodeCacheSize=
#   JVM is running with Zero Based Compressed Oops mode in which the Java heap is
#     placed in the first 32GB address space. The Java Heap base address is the
#     maximum limit for the native heap growth. Please use -XX:HeapBaseMinAddress
#     to set the Java Heap base and to place the Java Heap above 32GB virtual address.
# This output file may be truncated or incomplete.
#
#  Out of Memory Error (os_windows.cpp:3925), pid=35928, tid=18980
#
# JRE version:  (21.0.9+1) (build )
# Java VM: OpenJDK 64-Bit Server VM (21.0.9+1-b1163.94, mixed mode, sharing, tiered, compressed oops, compressed class ptrs, g1 gc, windows-amd64)
# No core dump will be written. Minidumps are not enabled by default on client versions of Windows
#

---------------  S U M M A R Y ------------

Command Line: git4idea.http.GitAskPassApp Username for 'https://github.com': 

Host: AMD Ryzen 5 5500U with Radeon Graphics         , 12 cores, 15G,  Windows 11 , 64 bit Build 22621 (10.0.22621.5415)
Time: Sun Mar  8 23:46:45 2026 elapsed time: 0.011022 seconds (0d 0h 0m 0s)

---------------  T H R E A D  ---------------

Current thread (0x0000020ea558f5d0):  JavaThread "Unknown thread" [_thread_in_vm, id=18980, stack(0x000000f52f400000,0x000000f52f500000) (1024K)]

Stack: [0x000000f52f400000,0x000000f52f500000]
Native frames: (J=compiled Java code, j=interpreted, Vv=VM code, C=native code)
V  [jvm.dll+0x6ec339]
V  [jvm.dll+0x8cc463]
V  [jvm.dll+0x8cea8e]
V  [jvm.dll+0x8cf173]
V  [jvm.dll+0x28b006]
V  [jvm.dll+0x6e8b15]
V  [jvm.dll+0x6dc1aa]
V  [jvm.dll+0x366a7b]
V  [jvm.dll+0x36e666]
V  [jvm.dll+0x3c0bd6]
V  [jvm.dll+0x3c0ea8]
V  [jvm.dll+0x33922c]
V  [jvm.dll+0x339f1b]
V  [jvm.dll+0x893b29]
V  [jvm.dll+0x3cdda8]
V  [jvm.dll+0x87ca68]
V  [jvm.dll+0x462a4e]
V  [jvm.dll+0x464731]
C  [jli.dll+0x52ab]
C  [ucrtbase.dll+0x29333]
C  [KERNEL32.DLL+0x1259d]
C  [ntdll.dll+0x5af78]


---------------  P R O C E S S  ---------------

Threads class SMR info:
_java_thread_list=0x00007ff961de52c8, length=0, elements={
}

Java Threads: ( => current thread )
Total: 0

Other Threads:
  0x0000020ea55eecf0 WorkerThread "GC Thread#0"                     [id=15264, stack(0x000000f52f500000,0x000000f52f600000) (1024K)]
  0x0000020ea55ff220 ConcurrentGCThread "G1 Main Marker"            [id=39104, stack(0x000000f52f600000,0x000000f52f700000) (1024K)]
  0x0000020ea55ffed0 WorkerThread "G1 Conc#0"                       [id=4504, stack(0x000000f52f700000,0x000000f52f800000) (1024K)]

[error occurred during error reporting (printing all threads), id 0xc0000005, EXCEPTION_ACCESS_VIOLATION (0xc0000005) at pc=0x00007ff9614cc287]
VM state: not at safepoint (not fully initialized)

VM Mutex/Monitor currently owned by a thread:  ([mutex/lock_event])
[0x00007ff961e59e30] Heap_lock - owner thread: 0x0000020ea558f5d0

Heap address: 0x0000000709c00000, size: 3940 MB, Compressed Oops mode: Zero based, Oop shift amount: 3

CDS archive(s) mapped at: [0x0000000000000000-0x0000000000000000-0x0000000000000000), size 0, SharedBaseAddress: 0x0000000800000000, ArchiveRelocationMode: 1.
Narrow klass base: 0x0000000000000000, Narrow klass shift: 0, Narrow klass range: 0x0

GC Precious Log:
 CardTable entry size: 512
 Card Set container configuration: InlinePtr #cards 4 size 8 Array Of Cards #cards 16 size 48 Howl #buckets 8 coarsen threshold 3686 Howl Bitmap #cards 512 size 80 coarsen threshold 460 Card regions per heap region 1 cards per card region 4096

Heap:
 garbage-first heap   total 0K, used 0K [0x0000000709c00000, 0x0000000800000000)
  region size 2048K, 0 young (0K), 0 survivors (0K)
 Metaspace       used 0K, committed 0K, reserved 0K
  class space    used 0K, committed 0K, reserved 0K

Heap Regions: E=young(eden), S=young(survivor), O=old, HS=humongous(starts), HC=humongous(continues), CS=collection set, F=free, TAMS=top-at-mark-start, PB=parsable bottom

Card table byte_map: [0x0000020eb9300000,0x0000020eb9ac0000] _byte_map_base: 0x0000020eb5ab2000

Marking Bits: (CMBitMap*) 0x0000020ea55ef300
 Bits: [0x0000020eb9ac0000, 0x0000020ebd850000)

GC Heap History (0 events):
No events

Dll operation events (1 events):
Event: 0.007 Loaded shared library C:\Program Files\JetBrains\IntelliJ IDEA 2025.3.2\jbr\bin\java.dll

Deoptimization events (0 events):
No events

Classes loaded (0 events):
No events

Classes unloaded (0 events):
No events

Classes redefined (0 events):
No events

Internal exceptions (0 events):
No events

ZGC Phase Switch (0 events):
No events

VM Operations (0 events):
No events

Memory protections (0 events):
No events

Nmethod flushes (0 events):
No events

Events (0 events):
No events


Dynamic libraries:
0x00007ff730960000 - 0x00007ff73096a000 	C:\Program Files\JetBrains\IntelliJ IDEA 2025.3.2\jbr\bin\java.exe
0x00007ff9bac70000 - 0x00007ff9bae88000 	C:\windows\SYSTEM32\ntdll.dll
0x00007ff9b92e0000 - 0x00007ff9b93a4000 	C:\windows\System32\KERNEL32.DLL
0x00007ff9b7ef0000 - 0x00007ff9b82c3000 	C:\windows\System32\KERNELBASE.dll
0x00007ff9b83f0000 - 0x00007ff9b8501000 	C:\windows\System32\ucrtbase.dll
0x00007ff9add00000 - 0x00007ff9add1b000 	C:\Program Files\JetBrains\IntelliJ IDEA 2025.3.2\jbr\bin\VCRUNTIME140.dll
0x00007ff991bb0000 - 0x00007ff991bc8000 	C:\Program Files\JetBrains\IntelliJ IDEA 2025.3.2\jbr\bin\jli.dll
0x00007ff9b8910000 - 0x00007ff9b8ac2000 	C:\windows\System32\USER32.dll
0x00007ff9b8770000 - 0x00007ff9b8796000 	C:\windows\System32\win32u.dll
0x00007ff9a1350000 - 0x00007ff9a15ec000 	C:\windows\WinSxS\amd64_microsoft.windows.common-controls_6595b64144ccf1df_6.0.22621.6060_none_2712eda17382d24b\COMCTL32.dll
0x00007ff9ba6c0000 - 0x00007ff9ba6e9000 	C:\windows\System32\GDI32.dll
0x00007ff9b8ad0000 - 0x00007ff9b8b77000 	C:\windows\System32\msvcrt.dll
0x00007ff9b8510000 - 0x00007ff9b862b000 	C:\windows\System32\gdi32full.dll
0x00007ff9b82d0000 - 0x00007ff9b836a000 	C:\windows\System32\msvcp_win.dll
0x00007ff9b93b0000 - 0x00007ff9b93e1000 	C:\windows\System32\IMM32.DLL
0x00007ff9b2de0000 - 0x00007ff9b2dec000 	C:\Program Files\JetBrains\IntelliJ IDEA 2025.3.2\jbr\bin\vcruntime140_1.dll
0x00007ff97ebb0000 - 0x00007ff97ec3d000 	C:\Program Files\JetBrains\IntelliJ IDEA 2025.3.2\jbr\bin\msvcp140.dll
0x00007ff961180000 - 0x00007ff961f4d000 	C:\Program Files\JetBrains\IntelliJ IDEA 2025.3.2\jbr\bin\server\jvm.dll
0x00007ff9b8e10000 - 0x00007ff9b8ec1000 	C:\windows\System32\ADVAPI32.dll
0x00007ff9b9610000 - 0x00007ff9b96b8000 	C:\windows\System32\sechost.dll
0x00007ff9b7d80000 - 0x00007ff9b7da8000 	C:\windows\System32\bcrypt.dll
0x00007ff9b9f70000 - 0x00007ff9ba088000 	C:\windows\System32\RPCRT4.dll
0x00007ff9b94f0000 - 0x00007ff9b9561000 	C:\windows\System32\WS2_32.dll
0x00007ff9b7c50000 - 0x00007ff9b7c9d000 	C:\windows\SYSTEM32\POWRPROF.dll
0x00007ff9b2630000 - 0x00007ff9b2664000 	C:\windows\SYSTEM32\WINMM.dll
0x00007ff9add70000 - 0x00007ff9add7a000 	C:\windows\SYSTEM32\VERSION.dll
0x00007ff9b7c30000 - 0x00007ff9b7c43000 	C:\windows\SYSTEM32\UMPDC.dll
0x00007ff9b6d00000 - 0x00007ff9b6d18000 	C:\windows\SYSTEM32\kernel.appcore.dll
0x00007ff9b2dd0000 - 0x00007ff9b2dda000 	C:\Program Files\JetBrains\IntelliJ IDEA 2025.3.2\jbr\bin\jimage.dll
0x00007ff9b5820000 - 0x00007ff9b5a53000 	C:\windows\SYSTEM32\DBGHELP.DLL
0x00007ff9ba810000 - 0x00007ff9baba1000 	C:\windows\System32\combase.dll
0x00007ff9b9410000 - 0x00007ff9b94e8000 	C:\windows\System32\OLEAUT32.dll
0x00007ff9aecd0000 - 0x00007ff9aed02000 	C:\windows\SYSTEM32\dbgcore.DLL
0x00007ff9b8370000 - 0x00007ff9b83eb000 	C:\windows\System32\bcryptPrimitives.dll
0x00007ff9adce0000 - 0x00007ff9add00000 	C:\Program Files\JetBrains\IntelliJ IDEA 2025.3.2\jbr\bin\java.dll

JVMTI agents: none

dbghelp: loaded successfully - version: 4.0.5 - missing functions: none
symbol engine: initialized successfully - sym options: 0x614 - pdb path: .;C:\Program Files\JetBrains\IntelliJ IDEA 2025.3.2\jbr\bin;C:\windows\SYSTEM32;C:\windows\WinSxS\amd64_microsoft.windows.common-controls_6595b64144ccf1df_6.0.22621.6060_none_2712eda17382d24b;C:\Program Files\JetBrains\IntelliJ IDEA 2025.3.2\jbr\bin\server

VM Arguments:
java_command: git4idea.http.GitAskPassApp Username for 'https://github.com': 
java_class_path (initial): C:/Program Files/JetBrains/IntelliJ IDEA 2025.3.2/plugins/vcs-git/lib/git4idea-rt.jar;C:/Program Files/JetBrains/IntelliJ IDEA 2025.3.2/lib/externalProcess-rt.jar
Launcher Type: SUN_STANDARD

[Global flags]
     intx CICompilerCount                          = 4                                         {product} {ergonomic}
     uint ConcGCThreads                            = 3                                         {product} {ergonomic}
     uint G1ConcRefinementThreads                  = 10                                        {product} {ergonomic}
   size_t G1HeapRegionSize                         = 2097152                                   {product} {ergonomic}
    uintx GCDrainStackTargetSize                   = 64                                        {product} {ergonomic}
   size_t InitialHeapSize                          = 260046848                                 {product} {ergonomic}
   size_t MarkStackSize                            = 4194304                                   {product} {ergonomic}
   size_t MaxHeapSize                              = 4131389440                                {product} {ergonomic}
   size_t MinHeapDeltaBytes                        = 2097152                                   {product} {ergonomic}
   size_t MinHeapSize                              = 8388608                                   {product} {ergonomic}
    uintx NonNMethodCodeHeapSize                   = 5839372                                {pd product} {ergonomic}
    uintx NonProfiledCodeHeapSize                  = 122909434                              {pd product} {ergonomic}
    uintx ProfiledCodeHeapSize                     = 122909434                              {pd product} {ergonomic}
    uintx ReservedCodeCacheSize                    = 251658240                              {pd product} {ergonomic}
     bool SegmentedCodeCache                       = true                                      {product} {ergonomic}
   size_t SoftMaxHeapSize                          = 4131389440                             {manageable} {ergonomic}
     bool UseCompressedOops                        = true                           {product lp64_product} {ergonomic}
     bool UseG1GC                                  = true                                      {product} {ergonomic}
     bool UseLargePagesIndividualAllocation        = false                                  {pd product} {ergonomic}

Logging:
Log output configuration:
 #0: stdout all=warning uptime,level,tags foldmultilines=false
 #1: stderr all=off uptime,level,tags foldmultilines=false

Release file:
<release file has not been read>
Environment Variables:
JAVA_HOME=C:\Program Files\Java\jdk-25
PATH=C:\Program Files\Git\mingw64\libexec\git-core;C:\Program Files\Git\mingw64\libexec\git-core;C:\Program Files\Git\mingw64\bin;C:\Program Files\Git\usr\bin;C:\Users\aizha\bin;C:\windows\system32;C:\windows;C:\windows\System32\Wbem;C:\windows\System32\WindowsPowerShell\v1.0;C:\windows\System32\OpenSSH;C:\Users\aizha\AppData\Local\Python\pythoncore-3.14-64\Scripts;C:\Users\aizha\AppData\Local\Python\pythoncore-3.14-64;C:\Program Files\Git\cmd;C:\Users\aizha\AppData\Local\Python\bin;C:\Users\aizha\AppData\Local\Python\pythoncore-3.14-64;C:\Users\aizha\AppData\Local\Python\pythoncore-3.14-64\Scripts
USERNAME=aizha
DISPLAY=:0.0
LC_ALL=en_US.UTF-8
TERM=xterm-256color
TMPDIR=C:\Users\aizha\AppData\Local\Temp
OS=Windows_NT
PROCESSOR_IDENTIFIER=AMD64 Family 23 Model 104 Stepping 1, AuthenticAMD
TMP=C:\Users\aizha\AppData\Local\Temp
TEMP=C:\Users\aizha\AppData\Local\Temp




Periodic native trim disabled

JNI global refs:
JNI global refs: 0, weak refs: 0

JNI global refs memory usage: 0, weak refs: 0

Process memory usage:
Resident Set Size: 11908K (0% of 16130120K total physical memory with 3638732K free physical memory)

OOME stack traces (most recent first):
Classloader memory used:

---------------  S Y S T E M  ---------------

OS:
 Windows 11 , 64 bit Build 22621 (10.0.22621.5415)
OS uptime: 113 days 13:38 hours

CPU: total 12 (initial active 12) (12 cores per cpu, 2 threads per core) family 23 model 104 stepping 1 microcode 0x0, cx8, cmov, fxsr, ht, mmx, 3dnowpref, sse, sse2, sse3, ssse3, sse4a, sse4.1, sse4.2, popcnt, lzcnt, tsc, tscinvbit, avx, avx2, aes, clmul, bmi1, bmi2, adx, sha, fma, vzeroupper, clflush, clflushopt, rdtscp, rdpid, f16c
Processor Information for the first 12 processors :
  Max Mhz: 2100, Current Mhz: 2100, Mhz Limit: 2100

Memory: 4k page, system-wide physical 15752M (3553M free)
TotalPageFile size 22963M (AvailPageFile size 41M)
current process WorkingSet (physical memory assigned to process): 11M, peak: 11M
current process commit charge ("private bytes"): 64M, peak: 312M

vm_info: OpenJDK 64-Bit Server VM (21.0.9+1-b1163.94) for windows-amd64 JRE (21.0.9+1-b1163.94), built on 2026-01-12 by "builduser" with MS VC++ 16.10 / 16.11 (VS2019)

END.
